<?xml version="1.0" encoding="UTF-8"?>
<!-- Generated by org.testng.reporters.JUnitXMLReporter -->
<testsuite ignored="0" hostname="gk" failures="1" tests="1" name="Edge-Test" time="11.737" errors="0" timestamp="2025-02-09T18:27:36 IST">
  <testcase classname="testCases.EndToEndTestCase" name="verifyE2EFuncionality" time="4.478">
    <failure type="java.lang.AssertionError" message="The following asserts failed:
	Account Not Deleted expected [http://localhost:3000/] but found [http://localhost:3000/deleteuser/userx8]">
      <![CDATA[java.lang.AssertionError: The following asserts failed:
Account Not Deleted expected [http://localhost:3000/] but found [http://localhost:3000/deleteuser/userx8]
at testCases.EndToEndTestCase.verifyE2EFuncionality(EndToEndTestCase.java:129)
at java.base/java.util.ArrayList.forEach(ArrayList.java:1596)
at java.base/java.util.concurrent.FutureTask.run(FutureTask.java:317)
at java.base/java.util.concurrent.ThreadPoolExecutor.runWorker(ThreadPoolExecutor.java:1144)
at java.base/java.util.concurrent.ThreadPoolExecutor$Worker.run(ThreadPoolExecutor.java:642)
at java.base/java.lang.Thread.run(Thread.java:1583)
... Removed 17 stack frames]]>
    </failure>
  </testcase> <!-- verifyE2EFuncionality -->
</testsuite> <!-- Edge-Test -->
