<?xml version="1.0" encoding="UTF-8"?>
<!-- Generated by org.testng.reporters.JUnitXMLReporter -->
<testsuite ignored="0" hostname="gk" failures="0" tests="4" name="Test" time="27.432" errors="0" timestamp="2025-02-12T20:09:19 IST">
  <testcase classname="testCases.LoginTestDDT" name="verify_loginDDT" time="1.133"/>
  <testcase classname="testCases.LoginTestDDT" name="verify_loginDDT" time="10.406"/>
  <testcase classname="testCases.LoginTestDDT" name="verify_loginDDT" time="10.471"/>
  <testcase classname="testCases.LoginTestDDT" name="verify_loginDDT" time="0.88"/>
</testsuite> <!-- Test -->
