<?xml version="1.0" encoding="UTF-8"?>
<testng-results ignored="0" total="1" passed="1" failed="0" skipped="0">
  <reporter-output>
  </reporter-output>
  <suite started-at="2025-03-18T09:04:45 IST" name="Suite" finished-at="2025-03-18T09:05:01 IST" duration-ms="16428">
    <groups>
    </groups>
    <test started-at="2025-03-18T09:04:45 IST" name="Test" finished-at="2025-03-18T09:05:01 IST" duration-ms="16428">
      <class name="testCases.RegisterTest">
        <test-method is-config="true" signature="setup(java.lang.String,java.lang.String)[pri:0, instance:testCases.RegisterTest@33bc72d1]" started-at="2025-03-18T09:04:45 IST" name="setup" finished-at="2025-03-18T09:04:47 IST" duration-ms="1977" status="PASS">
          <params>
            <param index="0">
              <value>
                <![CDATA[windows]]>
              </value>
            </param>
            <param index="1">
              <value>
                <![CDATA[chrome]]>
              </value>
            </param>
          </params>
          <reporter-output>
          </reporter-output>
        </test-method> <!-- setup -->
        <test-method signature="messageTest()[pri:0, instance:testCases.RegisterTest@33bc72d1]" started-at="2025-03-18T09:04:47 IST" name="messageTest" finished-at="2025-03-18T09:05:01 IST" duration-ms="14114" status="PASS">
          <reporter-output>
          </reporter-output>
        </test-method> <!-- messageTest -->
        <test-method is-config="true" signature="tearDown()[pri:0, instance:testCases.RegisterTest@33bc72d1]" started-at="2025-03-18T09:05:01 IST" name="tearDown" finished-at="2025-03-18T09:05:01 IST" duration-ms="126" status="PASS">
          <reporter-output>
          </reporter-output>
        </test-method> <!-- tearDown -->
      </class> <!-- testCases.RegisterTest -->
    </test> <!-- Test -->
  </suite> <!-- Suite -->
</testng-results>
